<?xml version="1.0" encoding="UTF-8"?>
<robot generator="Robot 4.1 (Python 3.9.6 on win32)" generated="20211105 05:51:20.440" rpa="false" schemaversion="2">
<suite id="s1" name="AbrahamRobotFrameworkDemo" source="C:\RobotFrameworkProjects\ProyectoUno\Tests\AbrahamRobotFrameworkDemo.robot">
<test id="s1-t1" name="User Can Look For Information At The Browser">
<kw name="Opening Google Chrome Browser" library="BrowserMoves">
<doc>Opens the specified browser and navigates to the specified URL</doc>
<kw name="Configure Chrome Webdriver Capabilities" library="BrowserMoves">
<var>${desired_caps}</var>
<doc>Sets chrome webdriver options and capabilities.</doc>
<kw name="Create Dictionary" library="BuiltIn">
<var>${prefs}</var>
<arg>safebrowsing.enabled=${TRUE}</arg>
<arg>credentials_enable_service=${FALSE}</arg>
<arg>profile.password_manager_enabled=${FALSE}</arg>
<doc>Creates and returns a dictionary based on the given ``items``.</doc>
<msg timestamp="20211105 05:51:20.786" level="INFO">${prefs} = {'safebrowsing.enabled': True, 'credentials_enable_service': False, 'profile.password_manager_enabled': False}</msg>
<status status="PASS" starttime="20211105 05:51:20.785" endtime="20211105 05:51:20.786"/>
</kw>
<kw name="Create List" library="BuiltIn">
<var>@{args_list}</var>
<arg>--start-maximized</arg>
<arg>--disable-web-security</arg>
<arg>--disable-gpu</arg>
<arg>--disable-plugins</arg>
<arg>--no-sandbox</arg>
<arg>--incognito</arg>
<doc>Returns a list containing given items.</doc>
<msg timestamp="20211105 05:51:20.787" level="INFO">@{args_list} = [ --start-maximized | --disable-web-security | --disable-gpu | --disable-plugins | --no-sandbox | --incognito ]</msg>
<status status="PASS" starttime="20211105 05:51:20.786" endtime="20211105 05:51:20.787"/>
</kw>
<kw name="Log To Console" library="BuiltIn">
<arg>${args_list}</arg>
<doc>Logs the given message to the console.</doc>
<status status="PASS" starttime="20211105 05:51:20.787" endtime="20211105 05:51:20.787"/>
</kw>
<kw name="Create List" library="BuiltIn">
<var>${exclude_switches}</var>
<arg>enable-automation</arg>
<doc>Returns a list containing given items.</doc>
<msg timestamp="20211105 05:51:20.788" level="INFO">${exclude_switches} = ['enable-automation']</msg>
<status status="PASS" starttime="20211105 05:51:20.788" endtime="20211105 05:51:20.788"/>
</kw>
<kw name="Evaluate" library="BuiltIn">
<var>${chrome_options}</var>
<arg>sys.modules['selenium.webdriver'].ChromeOptions()</arg>
<arg>sys, selenium.webdriver</arg>
<doc>Evaluates the given expression in Python and returns the result.</doc>
<msg timestamp="20211105 05:51:20.789" level="INFO">${chrome_options} = &lt;selenium.webdriver.chrome.options.Options object at 0x000001ECD2ACAA60&gt;</msg>
<status status="PASS" starttime="20211105 05:51:20.789" endtime="20211105 05:51:20.789"/>
</kw>
<kw name="Call Method" library="BuiltIn">
<arg>${chrome_options}</arg>
<arg>add_experimental_option</arg>
<arg>prefs</arg>
<arg>${prefs}</arg>
<doc>Calls the named method of the given object with the provided arguments.</doc>
<status status="PASS" starttime="20211105 05:51:20.790" endtime="20211105 05:51:20.790"/>
</kw>
<for flavor="IN">
<var>${arg}</var>
<value>@{args_list}</value>
<iter>
<var name="${arg}">--start-maximized</var>
<kw name="Call Method" library="BuiltIn">
<arg>${chrome_options}</arg>
<arg>add_argument</arg>
<arg>${arg}</arg>
<doc>Calls the named method of the given object with the provided arguments.</doc>
<status status="PASS" starttime="20211105 05:51:20.793" endtime="20211105 05:51:20.794"/>
</kw>
<status status="PASS" starttime="20211105 05:51:20.792" endtime="20211105 05:51:20.794"/>
</iter>
<iter>
<var name="${arg}">--disable-web-security</var>
<kw name="Call Method" library="BuiltIn">
<arg>${chrome_options}</arg>
<arg>add_argument</arg>
<arg>${arg}</arg>
<doc>Calls the named method of the given object with the provided arguments.</doc>
<status status="PASS" starttime="20211105 05:51:20.795" endtime="20211105 05:51:20.796"/>
</kw>
<status status="PASS" starttime="20211105 05:51:20.795" endtime="20211105 05:51:20.796"/>
</iter>
<iter>
<var name="${arg}">--disable-gpu</var>
<kw name="Call Method" library="BuiltIn">
<arg>${chrome_options}</arg>
<arg>add_argument</arg>
<arg>${arg}</arg>
<doc>Calls the named method of the given object with the provided arguments.</doc>
<status status="PASS" starttime="20211105 05:51:20.797" endtime="20211105 05:51:20.797"/>
</kw>
<status status="PASS" starttime="20211105 05:51:20.797" endtime="20211105 05:51:20.797"/>
</iter>
<iter>
<var name="${arg}">--disable-plugins</var>
<kw name="Call Method" library="BuiltIn">
<arg>${chrome_options}</arg>
<arg>add_argument</arg>
<arg>${arg}</arg>
<doc>Calls the named method of the given object with the provided arguments.</doc>
<status status="PASS" starttime="20211105 05:51:20.797" endtime="20211105 05:51:20.798"/>
</kw>
<status status="PASS" starttime="20211105 05:51:20.797" endtime="20211105 05:51:20.798"/>
</iter>
<iter>
<var name="${arg}">--no-sandbox</var>
<kw name="Call Method" library="BuiltIn">
<arg>${chrome_options}</arg>
<arg>add_argument</arg>
<arg>${arg}</arg>
<doc>Calls the named method of the given object with the provided arguments.</doc>
<status status="PASS" starttime="20211105 05:51:20.798" endtime="20211105 05:51:20.798"/>
</kw>
<status status="PASS" starttime="20211105 05:51:20.798" endtime="20211105 05:51:20.798"/>
</iter>
<iter>
<var name="${arg}">--incognito</var>
<kw name="Call Method" library="BuiltIn">
<arg>${chrome_options}</arg>
<arg>add_argument</arg>
<arg>${arg}</arg>
<doc>Calls the named method of the given object with the provided arguments.</doc>
<status status="PASS" starttime="20211105 05:51:20.798" endtime="20211105 05:51:20.799"/>
</kw>
<status status="PASS" starttime="20211105 05:51:20.798" endtime="20211105 05:51:20.799"/>
</iter>
<status status="PASS" starttime="20211105 05:51:20.792" endtime="20211105 05:51:20.799"/>
</for>
<kw name="Call Method" library="BuiltIn">
<arg>${chrome_options}</arg>
<arg>add_experimental_option</arg>
<arg>excludeSwitches</arg>
<arg>${exclude_switches}</arg>
<doc>Calls the named method of the given object with the provided arguments.</doc>
<status status="PASS" starttime="20211105 05:51:20.799" endtime="20211105 05:51:20.799"/>
</kw>
<kw name="Call Method" library="BuiltIn">
<var>${capabilities}</var>
<arg>${chrome_options}</arg>
<arg>to_capabilities</arg>
<doc>Calls the named method of the given object with the provided arguments.</doc>
<msg timestamp="20211105 05:51:20.800" level="INFO">${capabilities} = {'browserName': 'chrome', 'version': '', 'platform': 'ANY', 'goog:chromeOptions': {'prefs': {'safebrowsing.enabled': True, 'credentials_enable_service': False, 'profile.password_manager_enabled': Fals...</msg>
<status status="PASS" starttime="20211105 05:51:20.799" endtime="20211105 05:51:20.800"/>
</kw>
<msg timestamp="20211105 05:51:20.800" level="INFO">${desired_caps} = {'browserName': 'chrome', 'version': '', 'platform': 'ANY', 'goog:chromeOptions': {'prefs': {'safebrowsing.enabled': True, 'credentials_enable_service': False, 'profile.password_manager_enabled': Fals...</msg>
<status status="PASS" starttime="20211105 05:51:20.785" endtime="20211105 05:51:20.800"/>
</kw>
<kw name="Open Browser" library="SeleniumLibrary">
<arg>${URL}</arg>
<arg>${BROWSER}</arg>
<arg>desired_capabilities=${desired_caps}</arg>
<doc>Opens a new browser instance to the optional ``url``.</doc>
<msg timestamp="20211105 05:51:20.801" level="INFO">Opening browser 'googlechrome' to base url 'https://www.google.com'.</msg>
<status status="PASS" starttime="20211105 05:51:20.800" endtime="20211105 05:51:23.573"/>
</kw>
<status status="PASS" starttime="20211105 05:51:20.784" endtime="20211105 05:51:23.574"/>
</kw>
<kw name="Use Google" library="GoogleMainPage">
<kw name="Wait Until Element Is Visible" library="SeleniumLibrary">
<arg>${GoogleLocators.SearchBox}</arg>
<doc>Waits until the element ``locator`` is visible.</doc>
<status status="PASS" starttime="20211105 05:51:23.577" endtime="20211105 05:51:23.620"/>
</kw>
<kw name="Input Text" library="SeleniumLibrary">
<arg>${GoogleLocators.SearchBox}</arg>
<arg>${GoogleData.SearchBox}</arg>
<doc>Types the given ``text`` into the text field identified by ``locator``.</doc>
<msg timestamp="20211105 05:51:23.621" level="INFO">Typing text 'youtube' into text field 'name=q'.</msg>
<status status="PASS" starttime="20211105 05:51:23.620" endtime="20211105 05:51:23.730"/>
</kw>
<kw name="Wait Until Element Is Visible" library="SeleniumLibrary">
<arg>${GoogleLocators.SearchButton}</arg>
<doc>Waits until the element ``locator`` is visible.</doc>
<status status="PASS" starttime="20211105 05:51:23.731" endtime="20211105 05:51:24.029"/>
</kw>
<kw name="Click Button" library="SeleniumLibrary">
<arg>${GoogleLocators.SearchButton}</arg>
<doc>Clicks the button identified by ``locator``.</doc>
<msg timestamp="20211105 05:51:24.031" level="INFO">Clicking button 'name=btnK'.</msg>
<status status="PASS" starttime="20211105 05:51:24.029" endtime="20211105 05:51:25.284"/>
</kw>
<kw name="Click Element If Enabled" library="SeleniumExtensions">
<arg>${GoogleLocators.SearchResult}</arg>
<doc>Checks to see whether a given element is visible and clicks the element if it is visible
Note that this keyword does not wait. If waiting is required, use Wait Until Element Is Enabled and Click</doc>
<kw name="Get WebElement" library="SeleniumLibrary">
<var>${element}</var>
<arg>${locator}</arg>
<doc>Returns the first WebElement matching the given ``locator``.</doc>
<msg timestamp="20211105 05:51:25.307" level="INFO">${element} = &lt;selenium.webdriver.remote.webelement.WebElement (session="41ed68e37e4b53c8d0a292c5b48e1e52", element="42548fd7-bcbf-4b7d-9b06-e97a2973f75f")&gt;</msg>
<status status="PASS" starttime="20211105 05:51:25.285" endtime="20211105 05:51:25.307"/>
</kw>
<kw name="Set Variable" library="BuiltIn">
<var>${enabled}</var>
<arg>${element.is_enabled()}</arg>
<doc>Returns the given values which can then be assigned to a variables.</doc>
<msg timestamp="20211105 05:51:25.318" level="INFO">${enabled} = True</msg>
<status status="PASS" starttime="20211105 05:51:25.307" endtime="20211105 05:51:25.318"/>
</kw>
<kw name="Log" library="BuiltIn">
<arg>Element enabled: ${enabled}</arg>
<arg>DEBUG</arg>
<doc>Logs the given message with the given level.</doc>
<status status="PASS" starttime="20211105 05:51:25.318" endtime="20211105 05:51:25.318"/>
</kw>
<kw name="Run Keyword If" library="BuiltIn">
<arg>${enabled}</arg>
<arg>Click Element</arg>
<arg>${element}</arg>
<doc>Runs the given keyword with the given arguments, if ``condition`` is true.</doc>
<kw name="Click Element" library="SeleniumLibrary">
<arg>${element}</arg>
<doc>Click the element identified by ``locator``.</doc>
<msg timestamp="20211105 05:51:25.320" level="INFO">Clicking element '&lt;selenium.webdriver.remote.webelement.WebElement (session="41ed68e37e4b53c8d0a292c5b48e1e52", element="42548fd7-bcbf-4b7d-9b06-e97a2973f75f")&gt;'.</msg>
<status status="PASS" starttime="20211105 05:51:25.319" endtime="20211105 05:51:28.349"/>
</kw>
<status status="PASS" starttime="20211105 05:51:25.319" endtime="20211105 05:51:28.350"/>
</kw>
<status status="PASS" starttime="20211105 05:51:25.285" endtime="20211105 05:51:28.350"/>
</kw>
<status status="PASS" starttime="20211105 05:51:23.576" endtime="20211105 05:51:28.350"/>
</kw>
<kw name="Use Youtube">
<msg timestamp="20211105 05:51:28.359" level="FAIL">No keyword with name 'Use Youtube' found.</msg>
<status status="FAIL" starttime="20211105 05:51:28.359" endtime="20211105 05:51:28.359"/>
</kw>
<kw name="Closing Google Chrome Browser" library="BrowserMoves">
<doc>This kw is just to close the browser that we are going to use</doc>
<status status="NOT RUN" starttime="20211105 05:51:28.361" endtime="20211105 05:51:28.361"/>
</kw>
<doc>Some basic information about this test case</doc>
<tag>CRUD</tag>
<status status="FAIL" starttime="20211105 05:51:20.782" endtime="20211105 05:51:28.362">No keyword with name 'Use Youtube' found.</status>
</test>
<doc>This is for some information about the test</doc>
<status status="FAIL" starttime="20211105 05:51:20.442" endtime="20211105 05:51:28.365"/>
</suite>
<statistics>
<total>
<stat pass="0" fail="1" skip="0">All Tests</stat>
</total>
<tag>
<stat pass="0" fail="1" skip="0">CRUD</stat>
</tag>
<suite>
<stat pass="0" fail="1" skip="0" id="s1" name="AbrahamRobotFrameworkDemo">AbrahamRobotFrameworkDemo</stat>
</suite>
</statistics>
<errors>
</errors>
</robot>
